app/build/intermediates/manifest_merge_blame_file/debug/manifest-merger-blame-debug-report.txt
1<?xml version="1.0" encoding="utf-8"?>
2<manifest xmlns:android="http://schemas.android.com/apk/res/android"
3    package="com.google.android.gms.samples.vision.ocrreader"
4    android:installLocation="auto"
5    android:versionCode="1"
6    android:versionName="1.0" >
7
8    <uses-sdk
9        android:minSdkVersion="21"
9-->src\main\AndroidManifest.xml
10        android:targetSdkVersion="29" />
10-->src\main\AndroidManifest.xml
11
12    <uses-feature android:name="android.hardware.camera" />
12-->src\main\AndroidManifest.xml:6:5-60
12-->src\main\AndroidManifest.xml:6:19-57
13
14    <uses-permission android:name="android.permission.CAMERA" />
14-->src\main\AndroidManifest.xml:8:5-65
14-->src\main\AndroidManifest.xml:8:22-62
15
16    <application
16-->src\main\AndroidManifest.xml:10:5-37:19
17        android:allowBackup="true"
17-->src\main\AndroidManifest.xml:11:9-35
18        android:appComponentFactory="androidx.core.app.CoreComponentFactory"
18-->[androidx.core:core:1.2.0] AndroidManifest.xml:24:18-86
19        android:debuggable="true"
20        android:fullBackupContent="false"
20-->src\main\AndroidManifest.xml:12:9-42
21        android:hardwareAccelerated="true"
21-->src\main\AndroidManifest.xml:13:9-43
22        android:label="E-STEG"
22-->src\main\AndroidManifest.xml:14:9-31
23        android:supportsRtl="true"
23-->src\main\AndroidManifest.xml:15:9-35
24        android:testOnly="true"
25        android:theme="@style/AppTheme" >
25-->src\main\AndroidManifest.xml:16:9-40
26        <activity android:name="com.google.android.gms.samples.vision.ocrreader.LoginActivity" >
26-->src\main\AndroidManifest.xml:17:9-23:20
26-->src\main\AndroidManifest.xml:17:19-48
27            <intent-filter>
27-->src\main\AndroidManifest.xml:18:13-22:29
28                <action android:name="android.intent.action.MAIN" />
28-->src\main\AndroidManifest.xml:19:17-69
28-->src\main\AndroidManifest.xml:19:25-66
29
30                <category android:name="android.intent.category.LAUNCHER" />
30-->src\main\AndroidManifest.xml:21:17-77
30-->src\main\AndroidManifest.xml:21:27-74
31            </intent-filter>
32        </activity>
33
34        <meta-data
34-->src\main\AndroidManifest.xml:25:9-27:69
35            android:name="com.google.android.gms.version"
35-->src\main\AndroidManifest.xml:26:13-58
36            android:value="@integer/google_play_services_version" />
36-->src\main\AndroidManifest.xml:27:13-66
37        <meta-data
37-->src\main\AndroidManifest.xml:28:9-30:35
38            android:name="com.google.android.gms.vision.DEPENDENCIES"
38-->src\main\AndroidManifest.xml:29:13-70
39            android:value="ocr" />
39-->src\main\AndroidManifest.xml:30:13-32
40
41        <activity
41-->src\main\AndroidManifest.xml:32:9-36:20
42            android:name="com.google.android.gms.samples.vision.ocrreader.OcrCaptureActivity"
42-->src\main\AndroidManifest.xml:33:13-47
43            android:label="Read Text" >
43-->src\main\AndroidManifest.xml:34:13-38
44        </activity>
45        <activity
45-->[com.google.android.gms:play-services-base:17.0.0] AndroidManifest.xml:23:9-26:75
46            android:name="com.google.android.gms.common.api.GoogleApiActivity"
46-->[com.google.android.gms:play-services-base:17.0.0] AndroidManifest.xml:24:13-79
47            android:exported="false"
47-->[com.google.android.gms:play-services-base:17.0.0] AndroidManifest.xml:25:13-37
48            android:theme="@android:style/Theme.Translucent.NoTitleBar" />
48-->[com.google.android.gms:play-services-base:17.0.0] AndroidManifest.xml:26:13-72
49    </application>
50
51</manifest>